[2022-06-21T21:38:25.756] [ERROR] cheese - UserService_register： Error: Data too long for column 'password' at row 1
    at PromisePool.execute (D:\workspace\learn\react\1_from_柴柴_前端教书匠\project\cms-geek\server\node_modules\mysql2\promise.js:359:22)
    at UserService.register (D:\workspace\learn\react\1_from_柴柴_前端教书匠\project\cms-geek\server\src\services\user.service.js:21:38)
    at reigster (D:\workspace\learn\react\1_from_柴柴_前端教书匠\project\cms-geek\server\src\controller\user.controller.js:10:37)
    at dispatch (D:\workspace\learn\react\1_from_柴柴_前端教书匠\project\cms-geek\server\node_modules\koa-compose\index.js:42:32)
    at verifyRegister (D:\workspace\learn\react\1_from_柴柴_前端教书匠\project\cms-geek\server\src\middleware\user.middleware.js:26:13)
    at processTicksAndRejections (node:internal/process/task_queues:96:5)
    at async serve (D:\workspace\learn\react\1_from_柴柴_前端教书匠\project\cms-geek\server\node_modules\koa-static\index.js:53:9)
    at async cors (D:\workspace\learn\react\1_from_柴柴_前端教书匠\project\cms-geek\server\node_modules\koa2-cors\dist\index.js:91:9) {
  code: 'ER_DATA_TOO_LONG',
  errno: 1406,
  sql: 'INSERT INTO user (user_name, password) VALUES (?, ?);',
  sqlState: '22001',
  sqlMessage: "Data too long for column 'password' at row 1"
}
[2022-06-21T21:38:25.758] [ERROR] cheese - UserController_reigster： TypeError: Cannot read properties of undefined (reading 'insertId')
    at reigster (D:\workspace\learn\react\1_from_柴柴_前端教书匠\project\cms-geek\server\src\controller\user.controller.js:11:15)
    at processTicksAndRejections (node:internal/process/task_queues:96:5)
    at async verifyRegister (D:\workspace\learn\react\1_from_柴柴_前端教书匠\project\cms-geek\server\src\middleware\user.middleware.js:26:7)
    at async serve (D:\workspace\learn\react\1_from_柴柴_前端教书匠\project\cms-geek\server\node_modules\koa-static\index.js:53:9)
    at async cors (D:\workspace\learn\react\1_from_柴柴_前端教书匠\project\cms-geek\server\node_modules\koa2-cors\dist\index.js:91:9)
[2022-06-21T21:38:57.152] [ERROR] cheese - UserService_register： Error: Data too long for column 'password' at row 1
    at PromisePool.execute (D:\workspace\learn\react\1_from_柴柴_前端教书匠\project\cms-geek\server\node_modules\mysql2\promise.js:359:22)
    at UserService.register (D:\workspace\learn\react\1_from_柴柴_前端教书匠\project\cms-geek\server\src\services\user.service.js:21:38)
    at reigster (D:\workspace\learn\react\1_from_柴柴_前端教书匠\project\cms-geek\server\src\controller\user.controller.js:10:37)
    at dispatch (D:\workspace\learn\react\1_from_柴柴_前端教书匠\project\cms-geek\server\node_modules\koa-compose\index.js:42:32)
    at verifyRegister (D:\workspace\learn\react\1_from_柴柴_前端教书匠\project\cms-geek\server\src\middleware\user.middleware.js:26:13)
    at processTicksAndRejections (node:internal/process/task_queues:96:5)
    at async serve (D:\workspace\learn\react\1_from_柴柴_前端教书匠\project\cms-geek\server\node_modules\koa-static\index.js:53:9)
    at async cors (D:\workspace\learn\react\1_from_柴柴_前端教书匠\project\cms-geek\server\node_modules\koa2-cors\dist\index.js:91:9) {
  code: 'ER_DATA_TOO_LONG',
  errno: 1406,
  sql: 'INSERT INTO user (user_name, password) VALUES (?, ?);',
  sqlState: '22001',
  sqlMessage: "Data too long for column 'password' at row 1"
}
[2022-06-21T21:39:39.919] [ERROR] cheese - UserService_register： Error: Data too long for column 'password' at row 1
    at PromisePool.execute (D:\workspace\learn\react\1_from_柴柴_前端教书匠\project\cms-geek\server\node_modules\mysql2\promise.js:359:22)
    at UserService.register (D:\workspace\learn\react\1_from_柴柴_前端教书匠\project\cms-geek\server\src\services\user.service.js:22:38)
    at reigster (D:\workspace\learn\react\1_from_柴柴_前端教书匠\project\cms-geek\server\src\controller\user.controller.js:10:37)
    at dispatch (D:\workspace\learn\react\1_from_柴柴_前端教书匠\project\cms-geek\server\node_modules\koa-compose\index.js:42:32)
    at verifyRegister (D:\workspace\learn\react\1_from_柴柴_前端教书匠\project\cms-geek\server\src\middleware\user.middleware.js:26:13)
    at processTicksAndRejections (node:internal/process/task_queues:96:5)
    at async serve (D:\workspace\learn\react\1_from_柴柴_前端教书匠\project\cms-geek\server\node_modules\koa-static\index.js:53:9)
    at async cors (D:\workspace\learn\react\1_from_柴柴_前端教书匠\project\cms-geek\server\node_modules\koa2-cors\dist\index.js:91:9) {
  code: 'ER_DATA_TOO_LONG',
  errno: 1406,
  sql: 'INSERT INTO user (user_name, password) VALUES (?, ?);',
  sqlState: '22001',
  sqlMessage: "Data too long for column 'password' at row 1"
}
